                                      1 ;--------------------------------------------------------
                                      2 ; File Created by SDCC : free open source ANSI-C Compiler
                                      3 ; Version 3.9.0 #11195 (MINGW32)
                                      4 ;--------------------------------------------------------
                                      5 	.module layers
                                      6 	.optsdcc -mmcs51 --model-small
                                      7 	
                                      8 ;--------------------------------------------------------
                                      9 ; Public variables in this module
                                     10 ;--------------------------------------------------------
                                     11 	.globl _numLayer
                                     12 	.globl _fnLayer
                                     13 	.globl _topLayer
                                     14 	.globl _INT2
                                     15 	.globl _INT3
                                     16 	.globl _RXD
                                     17 	.globl _TXD
                                     18 	.globl _INT0
                                     19 	.globl _INT1
                                     20 	.globl _T0
                                     21 	.globl _T1
                                     22 	.globl _WR
                                     23 	.globl _RD
                                     24 	.globl _I2C_SCL
                                     25 	.globl _I2C_SDA
                                     26 	.globl _SPI_SS
                                     27 	.globl _SPI_MOSI
                                     28 	.globl _SPI_MISO
                                     29 	.globl _SPI_CLK
                                     30 	.globl _T2
                                     31 	.globl _T2EX
                                     32 	.globl _P40
                                     33 	.globl _P41
                                     34 	.globl _P42
                                     35 	.globl _P43
                                     36 	.globl _P30
                                     37 	.globl _P31
                                     38 	.globl _P32
                                     39 	.globl _P33
                                     40 	.globl _P34
                                     41 	.globl _P35
                                     42 	.globl _P36
                                     43 	.globl _P37
                                     44 	.globl _P20
                                     45 	.globl _P21
                                     46 	.globl _P22
                                     47 	.globl _P23
                                     48 	.globl _P24
                                     49 	.globl _P25
                                     50 	.globl _P26
                                     51 	.globl _P27
                                     52 	.globl _P10
                                     53 	.globl _P11
                                     54 	.globl _P12
                                     55 	.globl _P13
                                     56 	.globl _P14
                                     57 	.globl _P15
                                     58 	.globl _P16
                                     59 	.globl _P17
                                     60 	.globl _P00
                                     61 	.globl _P01
                                     62 	.globl _P02
                                     63 	.globl _P03
                                     64 	.globl _P04
                                     65 	.globl _P05
                                     66 	.globl _P06
                                     67 	.globl _P07
                                     68 	.globl _CR0
                                     69 	.globl _CR1
                                     70 	.globl _AA
                                     71 	.globl _SI
                                     72 	.globl _STO
                                     73 	.globl _STA
                                     74 	.globl _ENSI
                                     75 	.globl _CR2
                                     76 	.globl _IT2
                                     77 	.globl _IE2
                                     78 	.globl _EX2
                                     79 	.globl _IL2
                                     80 	.globl _IT3
                                     81 	.globl _IE3
                                     82 	.globl _EX3
                                     83 	.globl _IL3
                                     84 	.globl _CP_RL2
                                     85 	.globl _C_T2
                                     86 	.globl _TR2
                                     87 	.globl _EXEN2
                                     88 	.globl _TCLK
                                     89 	.globl _RCLK
                                     90 	.globl _EXF2
                                     91 	.globl _TF2
                                     92 	.globl _IT0
                                     93 	.globl _IE0
                                     94 	.globl _IT1
                                     95 	.globl _IE1
                                     96 	.globl _TR0
                                     97 	.globl _TF0
                                     98 	.globl _TR1
                                     99 	.globl _TF1
                                    100 	.globl _FE
                                    101 	.globl _RI
                                    102 	.globl _TI
                                    103 	.globl _RB8
                                    104 	.globl _TB8
                                    105 	.globl _REN
                                    106 	.globl _SM2
                                    107 	.globl _SM1
                                    108 	.globl _SM0
                                    109 	.globl _PX0
                                    110 	.globl _PT0
                                    111 	.globl _PX1
                                    112 	.globl _PT1
                                    113 	.globl _PS
                                    114 	.globl _PT2
                                    115 	.globl _PX2
                                    116 	.globl _PX3
                                    117 	.globl _EX0
                                    118 	.globl _ET0
                                    119 	.globl _EX1
                                    120 	.globl _ET1
                                    121 	.globl _ES
                                    122 	.globl _ET2
                                    123 	.globl _EA
                                    124 	.globl _P
                                    125 	.globl _OV
                                    126 	.globl _RS0
                                    127 	.globl _RS1
                                    128 	.globl _F0
                                    129 	.globl _AC
                                    130 	.globl _CY
                                    131 	.globl _SCMD
                                    132 	.globl _IFADRL
                                    133 	.globl _IFADRH
                                    134 	.globl _IFD
                                    135 	.globl _ISPTME
                                    136 	.globl _ISPCR
                                    137 	.globl _WDTCR
                                    138 	.globl _AUXR2
                                    139 	.globl _AUXR
                                    140 	.globl _CKCON2
                                    141 	.globl _CKCON
                                    142 	.globl _PCON
                                    143 	.globl _SISTA
                                    144 	.globl _SIDAT
                                    145 	.globl _SIADR
                                    146 	.globl _SICON
                                    147 	.globl _SPSTAT
                                    148 	.globl _SPDAT
                                    149 	.globl _SPCTL
                                    150 	.globl _KBMASK
                                    151 	.globl _KBPATN
                                    152 	.globl _KBCON
                                    153 	.globl _SADEN
                                    154 	.globl _SADDR
                                    155 	.globl _SBUF
                                    156 	.globl _SCON
                                    157 	.globl _TH2
                                    158 	.globl _TL2
                                    159 	.globl _TH1
                                    160 	.globl _TL1
                                    161 	.globl _TH0
                                    162 	.globl _TL0
                                    163 	.globl _RCAP2H
                                    164 	.globl _RCAP2L
                                    165 	.globl _T2MOD
                                    166 	.globl _T2CON
                                    167 	.globl _TMOD
                                    168 	.globl _TCON
                                    169 	.globl _P4M1
                                    170 	.globl _P4M0
                                    171 	.globl _P3M1
                                    172 	.globl _P3M0
                                    173 	.globl _P2M1
                                    174 	.globl _P2M0
                                    175 	.globl _P1M1
                                    176 	.globl _P1M0
                                    177 	.globl _P0M1
                                    178 	.globl _P0M0
                                    179 	.globl _P4
                                    180 	.globl _P3
                                    181 	.globl _P2
                                    182 	.globl _P1
                                    183 	.globl _P0
                                    184 	.globl _IP
                                    185 	.globl _XICON
                                    186 	.globl _AUXIP
                                    187 	.globl _AUXIE
                                    188 	.globl _IE
                                    189 	.globl _PSW
                                    190 	.globl _DPH
                                    191 	.globl _DPL
                                    192 	.globl _SP
                                    193 	.globl _B
                                    194 	.globl _ACC
                                    195 ;--------------------------------------------------------
                                    196 ; special function registers
                                    197 ;--------------------------------------------------------
                                    198 	.area RSEG    (ABS,DATA)
      000000                        199 	.org 0x0000
                           0000E0   200 _ACC	=	0x00e0
                           0000F0   201 _B	=	0x00f0
                           000081   202 _SP	=	0x0081
                           000082   203 _DPL	=	0x0082
                           000083   204 _DPH	=	0x0083
                           0000D0   205 _PSW	=	0x00d0
                           0000A8   206 _IE	=	0x00a8
                           0000AD   207 _AUXIE	=	0x00ad
                           0000AE   208 _AUXIP	=	0x00ae
                           0000C0   209 _XICON	=	0x00c0
                           0000B8   210 _IP	=	0x00b8
                           000080   211 _P0	=	0x0080
                           000090   212 _P1	=	0x0090
                           0000A0   213 _P2	=	0x00a0
                           0000B0   214 _P3	=	0x00b0
                           0000E8   215 _P4	=	0x00e8
                           000093   216 _P0M0	=	0x0093
                           000094   217 _P0M1	=	0x0094
                           000091   218 _P1M0	=	0x0091
                           000092   219 _P1M1	=	0x0092
                           000095   220 _P2M0	=	0x0095
                           000096   221 _P2M1	=	0x0096
                           0000B1   222 _P3M0	=	0x00b1
                           0000B2   223 _P3M1	=	0x00b2
                           0000B3   224 _P4M0	=	0x00b3
                           0000B4   225 _P4M1	=	0x00b4
                           000088   226 _TCON	=	0x0088
                           000089   227 _TMOD	=	0x0089
                           0000C8   228 _T2CON	=	0x00c8
                           0000C9   229 _T2MOD	=	0x00c9
                           0000CA   230 _RCAP2L	=	0x00ca
                           0000CB   231 _RCAP2H	=	0x00cb
                           00008A   232 _TL0	=	0x008a
                           00008C   233 _TH0	=	0x008c
                           00008B   234 _TL1	=	0x008b
                           00008D   235 _TH1	=	0x008d
                           0000CC   236 _TL2	=	0x00cc
                           0000CD   237 _TH2	=	0x00cd
                           000098   238 _SCON	=	0x0098
                           000099   239 _SBUF	=	0x0099
                           0000A9   240 _SADDR	=	0x00a9
                           0000B9   241 _SADEN	=	0x00b9
                           0000D6   242 _KBCON	=	0x00d6
                           0000D5   243 _KBPATN	=	0x00d5
                           0000D7   244 _KBMASK	=	0x00d7
                           000085   245 _SPCTL	=	0x0085
                           000086   246 _SPDAT	=	0x0086
                           000084   247 _SPSTAT	=	0x0084
                           0000F8   248 _SICON	=	0x00f8
                           0000D1   249 _SIADR	=	0x00d1
                           0000D2   250 _SIDAT	=	0x00d2
                           0000D3   251 _SISTA	=	0x00d3
                           000087   252 _PCON	=	0x0087
                           0000C7   253 _CKCON	=	0x00c7
                           0000BF   254 _CKCON2	=	0x00bf
                           00008E   255 _AUXR	=	0x008e
                           0000A6   256 _AUXR2	=	0x00a6
                           0000E1   257 _WDTCR	=	0x00e1
                           0000E7   258 _ISPCR	=	0x00e7
                           0000E5   259 _ISPTME	=	0x00e5
                           0000E2   260 _IFD	=	0x00e2
                           0000E3   261 _IFADRH	=	0x00e3
                           0000E4   262 _IFADRL	=	0x00e4
                           0000E6   263 _SCMD	=	0x00e6
                                    264 ;--------------------------------------------------------
                                    265 ; special function bits
                                    266 ;--------------------------------------------------------
                                    267 	.area RSEG    (ABS,DATA)
      000000                        268 	.org 0x0000
                           0000D7   269 _CY	=	0x00d7
                           0000D6   270 _AC	=	0x00d6
                           0000D5   271 _F0	=	0x00d5
                           0000D4   272 _RS1	=	0x00d4
                           0000D3   273 _RS0	=	0x00d3
                           0000D2   274 _OV	=	0x00d2
                           0000D0   275 _P	=	0x00d0
                           0000AF   276 _EA	=	0x00af
                           0000AD   277 _ET2	=	0x00ad
                           0000AC   278 _ES	=	0x00ac
                           0000AB   279 _ET1	=	0x00ab
                           0000AA   280 _EX1	=	0x00aa
                           0000A9   281 _ET0	=	0x00a9
                           0000A8   282 _EX0	=	0x00a8
                           0000BF   283 _PX3	=	0x00bf
                           0000BE   284 _PX2	=	0x00be
                           0000BD   285 _PT2	=	0x00bd
                           0000BC   286 _PS	=	0x00bc
                           0000BB   287 _PT1	=	0x00bb
                           0000BA   288 _PX1	=	0x00ba
                           0000B9   289 _PT0	=	0x00b9
                           0000B8   290 _PX0	=	0x00b8
                           00009F   291 _SM0	=	0x009f
                           00009E   292 _SM1	=	0x009e
                           00009D   293 _SM2	=	0x009d
                           00009C   294 _REN	=	0x009c
                           00009B   295 _TB8	=	0x009b
                           00009A   296 _RB8	=	0x009a
                           000099   297 _TI	=	0x0099
                           000098   298 _RI	=	0x0098
                           00009F   299 _FE	=	0x009f
                           00008F   300 _TF1	=	0x008f
                           00008E   301 _TR1	=	0x008e
                           00008D   302 _TF0	=	0x008d
                           00008C   303 _TR0	=	0x008c
                           00008B   304 _IE1	=	0x008b
                           00008A   305 _IT1	=	0x008a
                           000089   306 _IE0	=	0x0089
                           000088   307 _IT0	=	0x0088
                           0000CF   308 _TF2	=	0x00cf
                           0000CE   309 _EXF2	=	0x00ce
                           0000CD   310 _RCLK	=	0x00cd
                           0000CC   311 _TCLK	=	0x00cc
                           0000CB   312 _EXEN2	=	0x00cb
                           0000CA   313 _TR2	=	0x00ca
                           0000C9   314 _C_T2	=	0x00c9
                           0000C8   315 _CP_RL2	=	0x00c8
                           0000C7   316 _IL3	=	0x00c7
                           0000C6   317 _EX3	=	0x00c6
                           0000C5   318 _IE3	=	0x00c5
                           0000C4   319 _IT3	=	0x00c4
                           0000C3   320 _IL2	=	0x00c3
                           0000C2   321 _EX2	=	0x00c2
                           0000C1   322 _IE2	=	0x00c1
                           0000C0   323 _IT2	=	0x00c0
                           0000FF   324 _CR2	=	0x00ff
                           0000FE   325 _ENSI	=	0x00fe
                           0000FD   326 _STA	=	0x00fd
                           0000FC   327 _STO	=	0x00fc
                           0000FB   328 _SI	=	0x00fb
                           0000FA   329 _AA	=	0x00fa
                           0000F9   330 _CR1	=	0x00f9
                           0000F8   331 _CR0	=	0x00f8
                           000087   332 _P07	=	0x0087
                           000086   333 _P06	=	0x0086
                           000085   334 _P05	=	0x0085
                           000084   335 _P04	=	0x0084
                           000083   336 _P03	=	0x0083
                           000082   337 _P02	=	0x0082
                           000081   338 _P01	=	0x0081
                           000080   339 _P00	=	0x0080
                           000097   340 _P17	=	0x0097
                           000096   341 _P16	=	0x0096
                           000095   342 _P15	=	0x0095
                           000094   343 _P14	=	0x0094
                           000093   344 _P13	=	0x0093
                           000092   345 _P12	=	0x0092
                           000091   346 _P11	=	0x0091
                           000090   347 _P10	=	0x0090
                           0000A7   348 _P27	=	0x00a7
                           0000A6   349 _P26	=	0x00a6
                           0000A5   350 _P25	=	0x00a5
                           0000A4   351 _P24	=	0x00a4
                           0000A3   352 _P23	=	0x00a3
                           0000A2   353 _P22	=	0x00a2
                           0000A1   354 _P21	=	0x00a1
                           0000A0   355 _P20	=	0x00a0
                           0000B7   356 _P37	=	0x00b7
                           0000B6   357 _P36	=	0x00b6
                           0000B5   358 _P35	=	0x00b5
                           0000B4   359 _P34	=	0x00b4
                           0000B3   360 _P33	=	0x00b3
                           0000B2   361 _P32	=	0x00b2
                           0000B1   362 _P31	=	0x00b1
                           0000B0   363 _P30	=	0x00b0
                           0000EB   364 _P43	=	0x00eb
                           0000EA   365 _P42	=	0x00ea
                           0000E9   366 _P41	=	0x00e9
                           0000E8   367 _P40	=	0x00e8
                           000091   368 _T2EX	=	0x0091
                           000090   369 _T2	=	0x0090
                           0000A7   370 _SPI_CLK	=	0x00a7
                           0000A6   371 _SPI_MISO	=	0x00a6
                           0000A5   372 _SPI_MOSI	=	0x00a5
                           0000A4   373 _SPI_SS	=	0x00a4
                           0000A1   374 _I2C_SDA	=	0x00a1
                           0000A0   375 _I2C_SCL	=	0x00a0
                           0000B7   376 _RD	=	0x00b7
                           0000B6   377 _WR	=	0x00b6
                           0000B5   378 _T1	=	0x00b5
                           0000B4   379 _T0	=	0x00b4
                           0000B3   380 _INT1	=	0x00b3
                           0000B2   381 _INT0	=	0x00b2
                           0000B1   382 _TXD	=	0x00b1
                           0000B0   383 _RXD	=	0x00b0
                           0000B7   384 _INT3	=	0x00b7
                           0000B6   385 _INT2	=	0x00b6
                                    386 ;--------------------------------------------------------
                                    387 ; overlayable register banks
                                    388 ;--------------------------------------------------------
                                    389 	.area REG_BANK_0	(REL,OVR,DATA)
      000000                        390 	.ds 8
                                    391 ;--------------------------------------------------------
                                    392 ; internal ram data
                                    393 ;--------------------------------------------------------
                                    394 	.area DSEG    (DATA)
                                    395 ;--------------------------------------------------------
                                    396 ; overlayable items in internal ram 
                                    397 ;--------------------------------------------------------
                                    398 ;--------------------------------------------------------
                                    399 ; indirectly addressable internal ram data
                                    400 ;--------------------------------------------------------
                                    401 	.area ISEG    (DATA)
                                    402 ;--------------------------------------------------------
                                    403 ; absolute internal ram data
                                    404 ;--------------------------------------------------------
                                    405 	.area IABS    (ABS,DATA)
                                    406 	.area IABS    (ABS,DATA)
                                    407 ;--------------------------------------------------------
                                    408 ; bit data
                                    409 ;--------------------------------------------------------
                                    410 	.area BSEG    (BIT)
                                    411 ;--------------------------------------------------------
                                    412 ; paged external ram data
                                    413 ;--------------------------------------------------------
                                    414 	.area PSEG    (PAG,XDATA)
                                    415 ;--------------------------------------------------------
                                    416 ; external ram data
                                    417 ;--------------------------------------------------------
                                    418 	.area XSEG    (XDATA)
                                    419 ;--------------------------------------------------------
                                    420 ; absolute external ram data
                                    421 ;--------------------------------------------------------
                                    422 	.area XABS    (ABS,XDATA)
                                    423 ;--------------------------------------------------------
                                    424 ; external initialized ram data
                                    425 ;--------------------------------------------------------
                                    426 	.area XISEG   (XDATA)
                                    427 	.area HOME    (CODE)
                                    428 	.area GSINIT0 (CODE)
                                    429 	.area GSINIT1 (CODE)
                                    430 	.area GSINIT2 (CODE)
                                    431 	.area GSINIT3 (CODE)
                                    432 	.area GSINIT4 (CODE)
                                    433 	.area GSINIT5 (CODE)
                                    434 	.area GSINIT  (CODE)
                                    435 	.area GSFINAL (CODE)
                                    436 	.area CSEG    (CODE)
                                    437 ;--------------------------------------------------------
                                    438 ; global & static initialisations
                                    439 ;--------------------------------------------------------
                                    440 	.area HOME    (CODE)
                                    441 	.area GSINIT  (CODE)
                                    442 	.area GSFINAL (CODE)
                                    443 	.area GSINIT  (CODE)
                                    444 ;--------------------------------------------------------
                                    445 ; Home
                                    446 ;--------------------------------------------------------
                                    447 	.area HOME    (CODE)
                                    448 	.area HOME    (CODE)
                                    449 ;--------------------------------------------------------
                                    450 ; code
                                    451 ;--------------------------------------------------------
                                    452 	.area CSEG    (CODE)
                                    453 	.area CSEG    (CODE)
                                    454 	.area CONST   (CODE)
      000000                        455 _topLayer:
      000000 29 00                  456 	.byte #0x29, #0x00	; 41
      000002 3A 00                  457 	.byte #0x3a, #0x00	; 58
      000004 3B 00                  458 	.byte #0x3b, #0x00	; 59
      000006 3C 00                  459 	.byte #0x3c, #0x00	; 60
      000008 3D 00                  460 	.byte #0x3d, #0x00	; 61
      00000A 3E 00                  461 	.byte #0x3e, #0x00	; 62
      00000C 3F 00                  462 	.byte #0x3f, #0x00	; 63
      00000E 40 00                  463 	.byte #0x40, #0x00	; 64
      000010 41 00                  464 	.byte #0x41, #0x00	; 65
      000012 42 00                  465 	.byte #0x42, #0x00	; 66
      000014 43 00                  466 	.byte #0x43, #0x00	; 67
      000016 44 00                  467 	.byte #0x44, #0x00	; 68
      000018 45 00                  468 	.byte #0x45, #0x00	; 69
      00001A 4C 00                  469 	.byte #0x4c, #0x00	; 76
      00001C 39 00                  470 	.byte #0x39, #0x00	; 57
      00001E 01 80                  471 	.byte #0x01, #0x80	; 32769
      000020 02 80                  472 	.byte #0x02, #0x80	; 32770
      000022 2B 00                  473 	.byte #0x2b, #0x00	; 43
      000024 35 00                  474 	.byte #0x35, #0x00	; 53
      000026 1E 00                  475 	.byte #0x1e, #0x00	; 30
      000028 1F 00                  476 	.byte #0x1f, #0x00	; 31
      00002A 20 00                  477 	.byte #0x20, #0x00	; 32
      00002C 21 00                  478 	.byte #0x21, #0x00	; 33
      00002E 22 00                  479 	.byte #0x22, #0x00	; 34
      000030 2B 04                  480 	.byte #0x2b, #0x04	; 1067
      000032 23 00                  481 	.byte #0x23, #0x00	; 35
      000034 24 00                  482 	.byte #0x24, #0x00	; 36
      000036 25 00                  483 	.byte #0x25, #0x00	; 37
      000038 26 00                  484 	.byte #0x26, #0x00	; 38
      00003A 27 00                  485 	.byte #0x27, #0x00	; 39
      00003C 2E 00                  486 	.byte #0x2e, #0x00	; 46
      00003E 2A 00                  487 	.byte #0x2a, #0x00	; 42
      000040 2F 00                  488 	.byte #0x2f, #0x00	; 47
      000042 30 00                  489 	.byte #0x30, #0x00	; 48
      000044 14 00                  490 	.byte #0x14, #0x00	; 20
      000046 1A 00                  491 	.byte #0x1a, #0x00	; 26
      000048 08 00                  492 	.byte #0x08, #0x00	; 8
      00004A 15 00                  493 	.byte #0x15, #0x00	; 21
      00004C 17 00                  494 	.byte #0x17, #0x00	; 23
      00004E 4C 00                  495 	.byte #0x4c, #0x00	; 76
      000050 1C 00                  496 	.byte #0x1c, #0x00	; 28
      000052 18 00                  497 	.byte #0x18, #0x00	; 24
      000054 0C 00                  498 	.byte #0x0c, #0x00	; 12
      000056 12 00                  499 	.byte #0x12, #0x00	; 18
      000058 13 00                  500 	.byte #0x13, #0x00	; 19
      00005A 34 02                  501 	.byte #0x34, #0x02	; 564
      00005C 31 00                  502 	.byte #0x31, #0x00	; 49
      00005E E1 83                  503 	.byte #0xe1, #0x83	; 33761
      000060 04 00                  504 	.byte #0x04, #0x00	; 4
      000062 16 00                  505 	.byte #0x16, #0x00	; 22
      000064 07 00                  506 	.byte #0x07, #0x00	; 7
      000066 09 00                  507 	.byte #0x09, #0x00	; 9
      000068 0A 00                  508 	.byte #0x0a, #0x00	; 10
      00006A 01 80                  509 	.byte #0x01, #0x80	; 32769
      00006C 0B 00                  510 	.byte #0x0b, #0x00	; 11
      00006E 0D 00                  511 	.byte #0x0d, #0x00	; 13
      000070 0E 00                  512 	.byte #0x0e, #0x00	; 14
      000072 0F 00                  513 	.byte #0x0f, #0x00	; 15
      000074 33 00                  514 	.byte #0x33, #0x00	; 51
      000076 E1 82                  515 	.byte #0xe1, #0x82	; 33505
      000078 E0 80                  516 	.byte #0xe0, #0x80	; 32992
      00007A 1D 00                  517 	.byte #0x1d, #0x00	; 29
      00007C 1B 00                  518 	.byte #0x1b, #0x00	; 27
      00007E 06 00                  519 	.byte #0x06, #0x00	; 6
      000080 19 00                  520 	.byte #0x19, #0x00	; 25
      000082 05 00                  521 	.byte #0x05, #0x00	; 5
      000084 02 80                  522 	.byte #0x02, #0x80	; 32770
      000086 11 00                  523 	.byte #0x11, #0x00	; 17
      000088 10 00                  524 	.byte #0x10, #0x00	; 16
      00008A 36 00                  525 	.byte #0x36, #0x00	; 54
      00008C 37 00                  526 	.byte #0x37, #0x00	; 55
      00008E 38 00                  527 	.byte #0x38, #0x00	; 56
      000090 E5 84                  528 	.byte #0xe5, #0x84	; 34021
      000092 E0 80                  529 	.byte #0xe0, #0x80	; 32992
      000094 E2 80                  530 	.byte #0xe2, #0x80	; 32994
      000096 4A 00                  531 	.byte #0x4a, #0x00	; 74
      000098 4B 00                  532 	.byte #0x4b, #0x00	; 75
      00009A 4E 00                  533 	.byte #0x4e, #0x00	; 78
      00009C 4D 00                  534 	.byte #0x4d, #0x00	; 77
      00009E 02 80                  535 	.byte #0x02, #0x80	; 32770
      0000A0 02 80                  536 	.byte #0x02, #0x80	; 32770
      0000A2 01 81                  537 	.byte #0x01, #0x81	; 33025
      0000A4 50 00                  538 	.byte #0x50, #0x00	; 80
      0000A6 52 00                  539 	.byte #0x52, #0x00	; 82
      0000A8 51 00                  540 	.byte #0x51, #0x00	; 81
      0000AA 4F 00                  541 	.byte #0x4f, #0x00	; 79
      0000AC E6 80                  542 	.byte #0xe6, #0x80	; 32998
      0000AE 65 00                  543 	.byte #0x65, #0x00	; 101
      0000B0                        544 _fnLayer:
      0000B0 00 00                  545 	.byte #0x00, #0x00	; 0
      0000B2 00 00                  546 	.byte #0x00, #0x00	; 0
      0000B4 00 00                  547 	.byte #0x00, #0x00	; 0
      0000B6 00 00                  548 	.byte #0x00, #0x00	; 0
      0000B8 00 00                  549 	.byte #0x00, #0x00	; 0
      0000BA 00 00                  550 	.byte #0x00, #0x00	; 0
      0000BC 00 00                  551 	.byte #0x00, #0x00	; 0
      0000BE 00 00                  552 	.byte #0x00, #0x00	; 0
      0000C0 00 00                  553 	.byte #0x00, #0x00	; 0
      0000C2 00 00                  554 	.byte #0x00, #0x00	; 0
      0000C4 00 00                  555 	.byte #0x00, #0x00	; 0
      0000C6 00 00                  556 	.byte #0x00, #0x00	; 0
      0000C8 00 00                  557 	.byte #0x00, #0x00	; 0
      0000CA 00 00                  558 	.byte #0x00, #0x00	; 0
      0000CC 49 00                  559 	.byte #0x49, #0x00	; 73
      0000CE 00 00                  560 	.byte #0x00, #0x00	; 0
      0000D0 46 00                  561 	.byte #0x46, #0x00	; 70
      0000D2 00 00                  562 	.byte #0x00, #0x00	; 0
      0000D4 00 00                  563 	.byte #0x00, #0x00	; 0
      0000D6 00 00                  564 	.byte #0x00, #0x00	; 0
      0000D8 00 00                  565 	.byte #0x00, #0x00	; 0
      0000DA 00 00                  566 	.byte #0x00, #0x00	; 0
      0000DC 48 00                  567 	.byte #0x48, #0x00	; 72
      0000DE 48 00                  568 	.byte #0x48, #0x00	; 72
      0000E0 47 00                  569 	.byte #0x47, #0x00	; 71
      0000E2 48 00                  570 	.byte #0x48, #0x00	; 72
      0000E4 00 00                  571 	.byte #0x00, #0x00	; 0
      0000E6 00 00                  572 	.byte #0x00, #0x00	; 0
      0000E8 00 00                  573 	.byte #0x00, #0x00	; 0
      0000EA 00 00                  574 	.byte #0x00, #0x00	; 0
      0000EC 00 00                  575 	.byte #0x00, #0x00	; 0
      0000EE 00 00                  576 	.byte #0x00, #0x00	; 0
      0000F0 00 00                  577 	.byte #0x00, #0x00	; 0
      0000F2 00 00                  578 	.byte #0x00, #0x00	; 0
      0000F4 00 00                  579 	.byte #0x00, #0x00	; 0
      0000F6 4A 02                  580 	.byte #0x4a, #0x02	; 586
      0000F8 52 02                  581 	.byte #0x52, #0x02	; 594
      0000FA 4D 02                  582 	.byte #0x4d, #0x02	; 589
      0000FC 00 00                  583 	.byte #0x00, #0x00	; 0
      0000FE 00 00                  584 	.byte #0x00, #0x00	; 0
      000100 00 00                  585 	.byte #0x00, #0x00	; 0
      000102 4A 00                  586 	.byte #0x4a, #0x00	; 74
      000104 52 00                  587 	.byte #0x52, #0x00	; 82
      000106 4D 00                  588 	.byte #0x4d, #0x00	; 77
      000108 00 00                  589 	.byte #0x00, #0x00	; 0
      00010A 00 00                  590 	.byte #0x00, #0x00	; 0
      00010C 00 00                  591 	.byte #0x00, #0x00	; 0
      00010E 2B 00                  592 	.byte #0x2b, #0x00	; 43
      000110 00 00                  593 	.byte #0x00, #0x00	; 0
      000112 50 02                  594 	.byte #0x50, #0x02	; 592
      000114 51 02                  595 	.byte #0x51, #0x02	; 593
      000116 4F 02                  596 	.byte #0x4f, #0x02	; 591
      000118 4E 00                  597 	.byte #0x4e, #0x00	; 78
      00011A 00 00                  598 	.byte #0x00, #0x00	; 0
      00011C 2B 00                  599 	.byte #0x2b, #0x00	; 43
      00011E 50 00                  600 	.byte #0x50, #0x00	; 80
      000120 51 00                  601 	.byte #0x51, #0x00	; 81
      000122 4F 00                  602 	.byte #0x4f, #0x00	; 79
      000124 2A 00                  603 	.byte #0x2a, #0x00	; 42
      000126 28 00                  604 	.byte #0x28, #0x00	; 40
      000128 00 00                  605 	.byte #0x00, #0x00	; 0
      00012A 1D 01                  606 	.byte #0x1d, #0x01	; 285
      00012C 1B 01                  607 	.byte #0x1b, #0x01	; 283
      00012E 06 01                  608 	.byte #0x06, #0x01	; 262
      000130 19 01                  609 	.byte #0x19, #0x01	; 281
      000132 00 00                  610 	.byte #0x00, #0x00	; 0
      000134 00 00                  611 	.byte #0x00, #0x00	; 0
      000136 00 00                  612 	.byte #0x00, #0x00	; 0
      000138 00 00                  613 	.byte #0x00, #0x00	; 0
      00013A 00 00                  614 	.byte #0x00, #0x00	; 0
      00013C 00 00                  615 	.byte #0x00, #0x00	; 0
      00013E 00 00                  616 	.byte #0x00, #0x00	; 0
      000140 2A 00                  617 	.byte #0x2a, #0x00	; 42
      000142 00 00                  618 	.byte #0x00, #0x00	; 0
      000144 00 00                  619 	.byte #0x00, #0x00	; 0
      000146 00 00                  620 	.byte #0x00, #0x00	; 0
      000148 00 00                  621 	.byte #0x00, #0x00	; 0
      00014A 00 00                  622 	.byte #0x00, #0x00	; 0
      00014C 00 00                  623 	.byte #0x00, #0x00	; 0
      00014E 00 00                  624 	.byte #0x00, #0x00	; 0
      000150 00 00                  625 	.byte #0x00, #0x00	; 0
      000152 00 00                  626 	.byte #0x00, #0x00	; 0
      000154 00 00                  627 	.byte #0x00, #0x00	; 0
      000156 00 00                  628 	.byte #0x00, #0x00	; 0
      000158 00 00                  629 	.byte #0x00, #0x00	; 0
      00015A 00 00                  630 	.byte #0x00, #0x00	; 0
      00015C 00 00                  631 	.byte #0x00, #0x00	; 0
      00015E 00 00                  632 	.byte #0x00, #0x00	; 0
      000160                        633 _numLayer:
      000160 C0 00                  634 	.byte #0xc0, #0x00	; 192
      000162 C1 00                  635 	.byte #0xc1, #0x00	; 193
      000164 C2 00                  636 	.byte #0xc2, #0x00	; 194
      000166 C3 00                  637 	.byte #0xc3, #0x00	; 195
      000168 C4 00                  638 	.byte #0xc4, #0x00	; 196
      00016A C5 00                  639 	.byte #0xc5, #0x00	; 197
      00016C C6 00                  640 	.byte #0xc6, #0x00	; 198
      00016E C7 00                  641 	.byte #0xc7, #0x00	; 199
      000170 C8 00                  642 	.byte #0xc8, #0x00	; 200
      000172 C9 00                  643 	.byte #0xc9, #0x00	; 201
      000174 CA 00                  644 	.byte #0xca, #0x00	; 202
      000176 CB 00                  645 	.byte #0xcb, #0x00	; 203
      000178 CC 00                  646 	.byte #0xcc, #0x00	; 204
      00017A CD 00                  647 	.byte #0xcd, #0x00	; 205
      00017C 00 00                  648 	.byte #0x00, #0x00	; 0
      00017E 00 00                  649 	.byte #0x00, #0x00	; 0
      000180 00 00                  650 	.byte #0x00, #0x00	; 0
      000182 00 00                  651 	.byte #0x00, #0x00	; 0
      000184 00 00                  652 	.byte #0x00, #0x00	; 0
      000186 00 00                  653 	.byte #0x00, #0x00	; 0
      000188 00 00                  654 	.byte #0x00, #0x00	; 0
      00018A 00 00                  655 	.byte #0x00, #0x00	; 0
      00018C 00 00                  656 	.byte #0x00, #0x00	; 0
      00018E 00 00                  657 	.byte #0x00, #0x00	; 0
      000190 00 00                  658 	.byte #0x00, #0x00	; 0
      000192 00 00                  659 	.byte #0x00, #0x00	; 0
      000194 00 00                  660 	.byte #0x00, #0x00	; 0
      000196 00 00                  661 	.byte #0x00, #0x00	; 0
      000198 00 00                  662 	.byte #0x00, #0x00	; 0
      00019A 00 00                  663 	.byte #0x00, #0x00	; 0
      00019C 00 00                  664 	.byte #0x00, #0x00	; 0
      00019E 2A 00                  665 	.byte #0x2a, #0x00	; 42
      0001A0 00 00                  666 	.byte #0x00, #0x00	; 0
      0001A2 00 00                  667 	.byte #0x00, #0x00	; 0
      0001A4 38 02                  668 	.byte #0x38, #0x02	; 568
      0001A6 34 02                  669 	.byte #0x34, #0x02	; 564
      0001A8 34 00                  670 	.byte #0x34, #0x00	; 52
      0001AA 2E 00                  671 	.byte #0x2e, #0x00	; 46
      0001AC 2D 00                  672 	.byte #0x2d, #0x00	; 45
      0001AE 00 00                  673 	.byte #0x00, #0x00	; 0
      0001B0 22 02                  674 	.byte #0x22, #0x02	; 546
      0001B2 24 00                  675 	.byte #0x24, #0x00	; 36
      0001B4 25 00                  676 	.byte #0x25, #0x00	; 37
      0001B6 26 00                  677 	.byte #0x26, #0x00	; 38
      0001B8 2D 00                  678 	.byte #0x2d, #0x00	; 45
      0001BA 2E 02                  679 	.byte #0x2e, #0x02	; 558
      0001BC 00 00                  680 	.byte #0x00, #0x00	; 0
      0001BE 2B 00                  681 	.byte #0x2b, #0x00	; 43
      0001C0 00 00                  682 	.byte #0x00, #0x00	; 0
      0001C2 00 00                  683 	.byte #0x00, #0x00	; 0
      0001C4 2F 02                  684 	.byte #0x2f, #0x02	; 559
      0001C6 26 02                  685 	.byte #0x26, #0x02	; 550
      0001C8 2F 00                  686 	.byte #0x2f, #0x00	; 47
      0001CA 00 00                  687 	.byte #0x00, #0x00	; 0
      0001CC 2B 00                  688 	.byte #0x2b, #0x00	; 43
      0001CE 21 00                  689 	.byte #0x21, #0x00	; 33
      0001D0 22 00                  690 	.byte #0x22, #0x00	; 34
      0001D2 23 00                  691 	.byte #0x23, #0x00	; 35
      0001D4 25 02                  692 	.byte #0x25, #0x02	; 549
      0001D6 28 00                  693 	.byte #0x28, #0x00	; 40
      0001D8 00 00                  694 	.byte #0x00, #0x00	; 0
      0001DA 24 02                  695 	.byte #0x24, #0x02	; 548
      0001DC 20 02                  696 	.byte #0x20, #0x02	; 544
      0001DE 21 02                  697 	.byte #0x21, #0x02	; 545
      0001E0 2D 00                  698 	.byte #0x2d, #0x00	; 45
      0001E2 2D 02                  699 	.byte #0x2d, #0x02	; 557
      0001E4 00 00                  700 	.byte #0x00, #0x00	; 0
      0001E6 37 00                  701 	.byte #0x37, #0x00	; 55
      0001E8 1E 00                  702 	.byte #0x1e, #0x00	; 30
      0001EA 1F 00                  703 	.byte #0x1f, #0x00	; 31
      0001EC 20 00                  704 	.byte #0x20, #0x00	; 32
      0001EE 38 00                  705 	.byte #0x38, #0x00	; 56
      0001F0 2B 00                  706 	.byte #0x2b, #0x00	; 43
      0001F2 00 00                  707 	.byte #0x00, #0x00	; 0
      0001F4 00 00                  708 	.byte #0x00, #0x00	; 0
      0001F6 00 00                  709 	.byte #0x00, #0x00	; 0
      0001F8 00 00                  710 	.byte #0x00, #0x00	; 0
      0001FA 00 00                  711 	.byte #0x00, #0x00	; 0
      0001FC 00 00                  712 	.byte #0x00, #0x00	; 0
      0001FE 00 00                  713 	.byte #0x00, #0x00	; 0
      000200 00 00                  714 	.byte #0x00, #0x00	; 0
      000202 27 00                  715 	.byte #0x27, #0x00	; 39
      000204 2B 00                  716 	.byte #0x2b, #0x00	; 43
      000206 00 00                  717 	.byte #0x00, #0x00	; 0
      000208 00 00                  718 	.byte #0x00, #0x00	; 0
      00020A 00 00                  719 	.byte #0x00, #0x00	; 0
      00020C 00 00                  720 	.byte #0x00, #0x00	; 0
      00020E 00 00                  721 	.byte #0x00, #0x00	; 0
                                    722 	.area XINIT   (CODE)
                                    723 	.area CABS    (ABS,CODE)
